  IDirect3D9Ex.cpp
  IDirect3DCubeTexture9.cpp
  IDirect3DDevice9Ex.cpp
  IDirect3DIndexBuffer9.cpp
  IDirect3DPixelShader9.cpp
  IDirect3DQuery9.cpp
  IDirect3DStateBlock9.cpp
  IDirect3DSurface9.cpp
  IDirect3DSwapChain9Ex.cpp
  IDirect3DTexture9.cpp
  IDirect3DVertexBuffer9.cpp
  IDirect3DVertexDeclaration9.cpp
  IDirect3DVertexShader9.cpp
  IDirect3DVolume9.cpp
  IDirect3DVolumeTexture9.cpp
  InterfaceQuery.cpp
  dllmain.cpp
K:\d3d9-wrapper-master (1)\d3d9-wrapper-master\source\dllmain.cpp(148,5): warning C4996: 'strcat': This function or variable may be unsafe. Consider using strcat_s instead. To disable deprecation, use _CRT_SECURE_NO_WARNINGS. See online help for details.
K:\d3d9-wrapper-master (1)\d3d9-wrapper-master\source\dllmain.cpp(701,29): warning C4838: conversion from 'FLOAT' to 'LONG' requires a narrowing conversion
K:\d3d9-wrapper-master (1)\d3d9-wrapper-master\source\dllmain.cpp(701,29): warning C4244: 'initializing': conversion from 'FLOAT' to 'LONG', possible loss of data
K:\d3d9-wrapper-master (1)\d3d9-wrapper-master\source\dllmain.cpp(701,34): warning C4838: conversion from 'FLOAT' to 'LONG' requires a narrowing conversion
K:\d3d9-wrapper-master (1)\d3d9-wrapper-master\source\dllmain.cpp(701,34): warning C4244: 'initializing': conversion from 'FLOAT' to 'LONG', possible loss of data
K:\d3d9-wrapper-master (1)\d3d9-wrapper-master\source\dllmain.cpp(701,39): warning C4838: conversion from 'FLOAT' to 'LONG' requires a narrowing conversion
K:\d3d9-wrapper-master (1)\d3d9-wrapper-master\source\dllmain.cpp(701,39): warning C4244: 'initializing': conversion from 'FLOAT' to 'LONG', possible loss of data
K:\d3d9-wrapper-master (1)\d3d9-wrapper-master\source\dllmain.cpp(701,51): warning C4838: conversion from 'FLOAT' to 'LONG' requires a narrowing conversion
K:\d3d9-wrapper-master (1)\d3d9-wrapper-master\source\dllmain.cpp(701,51): warning C4244: 'initializing': conversion from 'FLOAT' to 'LONG', possible loss of data
K:\d3d9-wrapper-master (1)\d3d9-wrapper-master\source\dllmain.cpp(702,27): warning C4838: conversion from 'FLOAT' to 'LONG' requires a narrowing conversion
K:\d3d9-wrapper-master (1)\d3d9-wrapper-master\source\dllmain.cpp(702,27): warning C4244: 'initializing': conversion from 'FLOAT' to 'LONG', possible loss of data
K:\d3d9-wrapper-master (1)\d3d9-wrapper-master\source\dllmain.cpp(702,32): warning C4838: conversion from 'FLOAT' to 'LONG' requires a narrowing conversion
K:\d3d9-wrapper-master (1)\d3d9-wrapper-master\source\dllmain.cpp(702,32): warning C4244: 'initializing': conversion from 'FLOAT' to 'LONG', possible loss of data
K:\d3d9-wrapper-master (1)\d3d9-wrapper-master\source\dllmain.cpp(702,39): warning C4838: conversion from 'FLOAT' to 'LONG' requires a narrowing conversion
K:\d3d9-wrapper-master (1)\d3d9-wrapper-master\source\dllmain.cpp(702,39): warning C4244: 'initializing': conversion from 'FLOAT' to 'LONG', possible loss of data
K:\d3d9-wrapper-master (1)\d3d9-wrapper-master\source\dllmain.cpp(702,51): warning C4838: conversion from 'FLOAT' to 'LONG' requires a narrowing conversion
K:\d3d9-wrapper-master (1)\d3d9-wrapper-master\source\dllmain.cpp(702,51): warning C4244: 'initializing': conversion from 'FLOAT' to 'LONG', possible loss of data
K:\d3d9-wrapper-master (1)\d3d9-wrapper-master\source\dllmain.cpp(703,29): warning C4838: conversion from 'FLOAT' to 'LONG' requires a narrowing conversion
K:\d3d9-wrapper-master (1)\d3d9-wrapper-master\source\dllmain.cpp(703,29): warning C4244: 'initializing': conversion from 'FLOAT' to 'LONG', possible loss of data
K:\d3d9-wrapper-master (1)\d3d9-wrapper-master\source\dllmain.cpp(703,34): warning C4838: conversion from 'FLOAT' to 'LONG' requires a narrowing conversion
K:\d3d9-wrapper-master (1)\d3d9-wrapper-master\source\dllmain.cpp(703,34): warning C4244: 'initializing': conversion from 'FLOAT' to 'LONG', possible loss of data
K:\d3d9-wrapper-master (1)\d3d9-wrapper-master\source\dllmain.cpp(703,39): warning C4838: conversion from 'FLOAT' to 'LONG' requires a narrowing conversion
K:\d3d9-wrapper-master (1)\d3d9-wrapper-master\source\dllmain.cpp(703,39): warning C4244: 'initializing': conversion from 'FLOAT' to 'LONG', possible loss of data
K:\d3d9-wrapper-master (1)\d3d9-wrapper-master\source\dllmain.cpp(703,51): warning C4838: conversion from 'FLOAT' to 'LONG' requires a narrowing conversion
K:\d3d9-wrapper-master (1)\d3d9-wrapper-master\source\dllmain.cpp(703,51): warning C4244: 'initializing': conversion from 'FLOAT' to 'LONG', possible loss of data
K:\d3d9-wrapper-master (1)\d3d9-wrapper-master\source\dllmain.cpp(704,27): warning C4838: conversion from 'FLOAT' to 'LONG' requires a narrowing conversion
K:\d3d9-wrapper-master (1)\d3d9-wrapper-master\source\dllmain.cpp(704,27): warning C4244: 'initializing': conversion from 'FLOAT' to 'LONG', possible loss of data
K:\d3d9-wrapper-master (1)\d3d9-wrapper-master\source\dllmain.cpp(704,32): warning C4838: conversion from 'FLOAT' to 'LONG' requires a narrowing conversion
K:\d3d9-wrapper-master (1)\d3d9-wrapper-master\source\dllmain.cpp(704,32): warning C4244: 'initializing': conversion from 'FLOAT' to 'LONG', possible loss of data
K:\d3d9-wrapper-master (1)\d3d9-wrapper-master\source\dllmain.cpp(704,39): warning C4838: conversion from 'FLOAT' to 'LONG' requires a narrowing conversion
K:\d3d9-wrapper-master (1)\d3d9-wrapper-master\source\dllmain.cpp(704,39): warning C4244: 'initializing': conversion from 'FLOAT' to 'LONG', possible loss of data
K:\d3d9-wrapper-master (1)\d3d9-wrapper-master\source\dllmain.cpp(704,51): warning C4838: conversion from 'FLOAT' to 'LONG' requires a narrowing conversion
K:\d3d9-wrapper-master (1)\d3d9-wrapper-master\source\dllmain.cpp(704,51): warning C4244: 'initializing': conversion from 'FLOAT' to 'LONG', possible loss of data
K:\d3d9-wrapper-master (1)\d3d9-wrapper-master\source\dllmain.cpp(705,27): warning C4838: conversion from 'FLOAT' to 'LONG' requires a narrowing conversion
K:\d3d9-wrapper-master (1)\d3d9-wrapper-master\source\dllmain.cpp(705,27): warning C4244: 'initializing': conversion from 'FLOAT' to 'LONG', possible loss of data
K:\d3d9-wrapper-master (1)\d3d9-wrapper-master\source\dllmain.cpp(705,30): warning C4838: conversion from 'FLOAT' to 'LONG' requires a narrowing conversion
K:\d3d9-wrapper-master (1)\d3d9-wrapper-master\source\dllmain.cpp(705,30): warning C4244: 'initializing': conversion from 'FLOAT' to 'LONG', possible loss of data
K:\d3d9-wrapper-master (1)\d3d9-wrapper-master\source\dllmain.cpp(705,35): warning C4838: conversion from 'FLOAT' to 'LONG' requires a narrowing conversion
K:\d3d9-wrapper-master (1)\d3d9-wrapper-master\source\dllmain.cpp(705,35): warning C4244: 'initializing': conversion from 'FLOAT' to 'LONG', possible loss of data
K:\d3d9-wrapper-master (1)\d3d9-wrapper-master\source\dllmain.cpp(705,47): warning C4838: conversion from 'FLOAT' to 'LONG' requires a narrowing conversion
K:\d3d9-wrapper-master (1)\d3d9-wrapper-master\source\dllmain.cpp(705,47): warning C4244: 'initializing': conversion from 'FLOAT' to 'LONG', possible loss of data
K:\d3d9-wrapper-master (1)\d3d9-wrapper-master\source\dllmain.cpp(696,21): warning C4996: '_vsnprintf': This function or variable may be unsafe. Consider using _vsnprintf_s instead. To disable deprecation, use _CRT_SECURE_NO_WARNINGS. See online help for details.
K:\d3d9-wrapper-master (1)\d3d9-wrapper-master\source\dllmain.cpp(721,44): warning C4244: 'argument': conversion from 'int' to 'FLOAT', possible loss of data
K:\d3d9-wrapper-master (1)\d3d9-wrapper-master\source\dllmain.cpp(1554,13): warning C4996: 'strcpy': This function or variable may be unsafe. Consider using strcpy_s instead. To disable deprecation, use _CRT_SECURE_NO_WARNINGS. See online help for details.
  Generating Code...
     Creating library ..\data\d3d9.lib and object ..\data\d3d9.exp
  d3d9-wrapper.vcxproj -> K:\d3d9-wrapper-master (1)\d3d9-wrapper-master\data\d3d9.dll
