k:\d3d9-wrapper-master (1)\d3d9-wrapper-master\build\obj\win32\release\vc143.pdb
k:\d3d9-wrapper-master (1)\d3d9-wrapper-master\build\obj\win32\release\dllmain.obj
k:\d3d9-wrapper-master (1)\d3d9-wrapper-master\build\obj\win32\release\interfacequery.obj
k:\d3d9-wrapper-master (1)\d3d9-wrapper-master\build\obj\win32\release\idirect3dvolumetexture9.obj
k:\d3d9-wrapper-master (1)\d3d9-wrapper-master\build\obj\win32\release\idirect3dvolume9.obj
k:\d3d9-wrapper-master (1)\d3d9-wrapper-master\build\obj\win32\release\idirect3dvertexshader9.obj
k:\d3d9-wrapper-master (1)\d3d9-wrapper-master\build\obj\win32\release\idirect3dvertexdeclaration9.obj
k:\d3d9-wrapper-master (1)\d3d9-wrapper-master\build\obj\win32\release\idirect3dvertexbuffer9.obj
k:\d3d9-wrapper-master (1)\d3d9-wrapper-master\build\obj\win32\release\idirect3dtexture9.obj
k:\d3d9-wrapper-master (1)\d3d9-wrapper-master\build\obj\win32\release\idirect3dswapchain9ex.obj
k:\d3d9-wrapper-master (1)\d3d9-wrapper-master\build\obj\win32\release\idirect3dsurface9.obj
k:\d3d9-wrapper-master (1)\d3d9-wrapper-master\build\obj\win32\release\idirect3dstateblock9.obj
k:\d3d9-wrapper-master (1)\d3d9-wrapper-master\build\obj\win32\release\idirect3dquery9.obj
k:\d3d9-wrapper-master (1)\d3d9-wrapper-master\build\obj\win32\release\idirect3dpixelshader9.obj
k:\d3d9-wrapper-master (1)\d3d9-wrapper-master\build\obj\win32\release\idirect3dindexbuffer9.obj
k:\d3d9-wrapper-master (1)\d3d9-wrapper-master\build\obj\win32\release\idirect3ddevice9ex.obj
k:\d3d9-wrapper-master (1)\d3d9-wrapper-master\build\obj\win32\release\idirect3dcubetexture9.obj
k:\d3d9-wrapper-master (1)\d3d9-wrapper-master\build\obj\win32\release\idirect3d9ex.obj
k:\d3d9-wrapper-master (1)\d3d9-wrapper-master\data\d3d9.dll
k:\d3d9-wrapper-master (1)\d3d9-wrapper-master\data\d3d9.pdb
k:\d3d9-wrapper-master (1)\d3d9-wrapper-master\build\obj\win32\release\versioninfo.res
k:\d3d9-wrapper-master (1)\d3d9-wrapper-master\data\d3d9.lib
k:\d3d9-wrapper-master (1)\d3d9-wrapper-master\data\d3d9.exp
k:\d3d9-wrapper-master (1)\d3d9-wrapper-master\build\obj\win32\release\d3d9-wrapper.tlog\cl.command.1.tlog
k:\d3d9-wrapper-master (1)\d3d9-wrapper-master\build\obj\win32\release\d3d9-wrapper.tlog\cl.items.tlog
k:\d3d9-wrapper-master (1)\d3d9-wrapper-master\build\obj\win32\release\d3d9-wrapper.tlog\cl.read.1.tlog
k:\d3d9-wrapper-master (1)\d3d9-wrapper-master\build\obj\win32\release\d3d9-wrapper.tlog\cl.write.1.tlog
k:\d3d9-wrapper-master (1)\d3d9-wrapper-master\build\obj\win32\release\d3d9-wrapper.tlog\link.command.1.tlog
k:\d3d9-wrapper-master (1)\d3d9-wrapper-master\build\obj\win32\release\d3d9-wrapper.tlog\link.read.1.tlog
k:\d3d9-wrapper-master (1)\d3d9-wrapper-master\build\obj\win32\release\d3d9-wrapper.tlog\link.secondary.1.tlog
k:\d3d9-wrapper-master (1)\d3d9-wrapper-master\build\obj\win32\release\d3d9-wrapper.tlog\link.write.1.tlog
k:\d3d9-wrapper-master (1)\d3d9-wrapper-master\build\obj\win32\release\d3d9-wrapper.tlog\rc.command.1.tlog
k:\d3d9-wrapper-master (1)\d3d9-wrapper-master\build\obj\win32\release\d3d9-wrapper.tlog\rc.read.1.tlog
k:\d3d9-wrapper-master (1)\d3d9-wrapper-master\build\obj\win32\release\d3d9-wrapper.tlog\rc.write.1.tlog
